2026-02-09 17:11:49,129 [INFO] --------------------------------------------------------------------------------
2026-02-09 17:11:49,129 [INFO] 搜索到 6 条候选：私募基金登记备案动态 | 文档时间=2025-09-29 00:00:00 | 网页最新时间=2025-09-30 00:00:00
2026-02-09 17:11:49,129 [INFO] 候选时间对比：标题=关于发布《 私募基金登记备案动态 》的通知 | 发布时间=2024-08-23 00:00:00 | 文档时间=2025-09-29 00:00:00 | 链接=https://www.amac.org.cn/fwdt/wyb/jgdjhcpbeian/smjjglrdjhcpba/dbdt/202408/t20240823_25919.html
2026-02-09 17:11:49,129 [INFO] 候选时间对比：标题=关于发布《 私募基金登记备案动态 （第三期）》的通知 | 发布时间=2025-09-30 00:00:00 | 文档时间=2025-09-29 00:00:00 | 链接=https://www.amac.org.cn/xwfb/tzgg/202509/t20250930_26963.html
2026-02-09 17:11:49,155 [INFO] 候选时间对比：标题=关于发布《 私募基金登记备案动态 （第四期）》的通知 | 发布时间=2025-09-30 00:00:00 | 文档时间=2025-09-29 00:00:00 | 链接=https://www.amac.org.cn/xwfb/tzgg/202509/t20250930_26964.html
2026-02-09 17:11:49,155 [INFO] 候选时间对比：标题=关于发布《 私募基金登记备案动态 （2024年）第2期）》的通知 | 发布时间=2024-11-08 00:00:00 | 文档时间=2025-09-29 00:00:00 | 链接=https://www.amac.org.cn/xwfb/tzgg/202411/t20241108_26149.html
2026-02-09 17:11:49,155 [INFO] 候选时间对比：标题=私募基金登记备案动态 （2024年第2期） | 发布时间=2024-11-08 00:00:00 | 文档时间=2025-09-29 00:00:00 | 链接=https://www.amac.org.cn/fwdt/wyb/jgdjhcpbeian/smjjglrdjhcpba/dbdt/202411/P020241108612196601018.pdf
2026-02-09 17:11:49,155 [INFO] 候选时间对比：标题=私募基金登记备案动态 （2024年第1期） | 发布时间=2024-08-23 00:00:00 | 文档时间=2025-09-29 00:00:00 | 链接=https://www.amac.org.cn/fwdt/wyb/jgdjhcpbeian/smjjglrdjhcpba/dbdt/202408/P020240826349580372160.pdf
2026-02-09 17:11:50,644 [INFO] 下载完成：f:/SDXH_Work_Proj/auto_detect_download/downloads\www.amac.org.cn\20250930\关于发布《私募基金登记备案动态 （第三期）》的通知
2026-02-09 17:11:51,986 [INFO] 下载完成：f:/SDXH_Work_Proj/auto_detect_download/downloads\www.amac.org.cn\20250930\关于发布《私募基金登记备案动态 （第四期）》的通知
2026-02-09 17:11:53,999 [INFO] --------------------------------------------------------------------------------
2026-02-09 17:11:53,999 [INFO] 搜索到 10 条候选：证券公司风险控制指标管理办法 | 文档时间=2021-11-16 00:00:00 | 网页最新时间=2023-11-03 00:00:00
2026-02-09 17:11:53,999 [INFO] 候选时间对比：标题=中国 证 监会关于就《 证 券 公 司 风 险 控 制 指 标 计算 标 准规定（修订稿）》 公 开征求意见的通知 | 发布时间=2023-11-03 00:00:00 | 文档时间=2021-11-16 00:00:00 | 链接=https://www.csrc.gov.cn/csrc/c101981/c7441193/content.shtml
2026-02-09 17:11:53,999 [INFO] 候选时间对比：标题=证 监会就修订《 证 券 公 司 风 险 控 制 指 标 计算 标 准规定》 公 开征求意见 | 发布时间=2023-11-03 00:00:00 | 文档时间=2021-11-16 00:00:00 | 链接=https://www.csrc.gov.cn/csrc/c100028/c7441191/content.shtml
2026-02-09 17:11:53,999 [INFO] 候选时间对比：标题=关于政协十三届全国委员会第四次会议第1126号（财税金融类096号）提案答复的函 | 发布时间=2022-02-18 00:00:00 | 文档时间=2021-11-16 00:00:00 | 链接=https://www.csrc.gov.cn/csrc/c101800/c1920543/content.shtml
2026-02-09 17:11:53,999 [INFO] 候选时间对比：标题=证 券 公 司 风 险 控 制 指 标 管 理 办 法 | 发布时间=2021-12-16 00:00:00 | 文档时间=2021-11-16 00:00:00 | 链接=https://www.csrc.gov.cn/csrc/c106256/c1653957/content.shtml
2026-02-09 17:11:53,999 [INFO] 候选时间对比：标题=关于对钱斌采取监 管 谈话措施的决定 | 发布时间=2021-11-19 00:00:00 | 文档时间=2021-11-16 00:00:00 | 链接=https://www.csrc.gov.cn/csrc/c106065/c1569069/content.shtml
2026-02-09 17:11:53,999 [INFO] 候选时间对比：标题=关于对光大 证 券 股份有限 公 司 采取责令改正措施的决定 | 发布时间=2021-11-19 00:00:00 | 文档时间=2021-11-16 00:00:00 | 链接=https://www.csrc.gov.cn/csrc/c106065/c1569071/content.shtml
2026-02-09 17:11:53,999 [INFO] 候选时间对比：标题=关于对财通 证 券 股份有限 公 司 采取责令改正措施的决定 | 发布时间=2021-11-19 00:00:00 | 文档时间=2021-11-16 00:00:00 | 链接=https://www.csrc.gov.cn/csrc/c106065/c1569073/content.shtml
2026-02-09 17:11:53,999 [INFO] 候选时间对比：标题=证 监会印发2020年度立 法 工作计划 | 发布时间=2020-04-17 00:00:00 | 文档时间=2021-11-16 00:00:00 | 链接=https://www.csrc.gov.cn/csrc/c100028/c1000798/content.shtml
2026-02-09 17:11:53,999 [INFO] 候选时间对比：标题=证 监会有关部门负责人答记者问 | 发布时间=2020-03-27 00:00:00 | 文档时间=2021-11-16 00:00:00 | 链接=https://www.csrc.gov.cn/csrc/c100028/c1000807/content.shtml
2026-02-09 17:11:53,999 [INFO] 候选时间对比：标题=证 监会发布《 证 券 公 司 风 险 控 制 指 标 计算 标 准规定》 | 发布时间=2020-01-23 00:00:00 | 文档时间=2021-11-16 00:00:00 | 链接=https://www.csrc.gov.cn/csrc/c100028/c1000843/content.shtml
2026-02-09 17:11:55,638 [INFO] 下载完成：f:/SDXH_Work_Proj/auto_detect_download/downloads\www.csrc.gov.cn\20231103\政府网站年度报表
2026-02-09 17:12:02,023 [INFO] 下载完成：f:/SDXH_Work_Proj/auto_detect_download/downloads\www.csrc.gov.cn\20231103\政府网站年度报表
2026-02-09 17:12:15,674 [INFO] 下载完成：f:/SDXH_Work_Proj/auto_detect_download/downloads\www.csrc.gov.cn\20220218\政府网站年度报表
2026-02-09 17:12:16,925 [INFO] 下载完成：f:/SDXH_Work_Proj/auto_detect_download/downloads\www.csrc.gov.cn\20211216\证券公司风险控制指标管理办法_中国证券监督管理委员会
2026-02-09 17:12:18,424 [INFO] 下载完成：f:/SDXH_Work_Proj/auto_detect_download/downloads\www.csrc.gov.cn\20211119\政府网站年度报表
2026-02-09 17:12:19,907 [INFO] 下载完成：f:/SDXH_Work_Proj/auto_detect_download/downloads\www.csrc.gov.cn\20211119\政府网站年度报表
2026-02-09 17:12:26,357 [INFO] 下载完成：f:/SDXH_Work_Proj/auto_detect_download/downloads\www.csrc.gov.cn\20211119\政府网站年度报表
2026-02-09 17:12:38,332 [INFO] --------------------------------------------------------------------------------
2026-02-09 17:12:38,332 [INFO] 搜索到 10 条候选：证券公司压力测试指引 | 文档时间=2023-06-24 00:00:00 | 网页最新时间=2023-07-24 00:00:00
2026-02-09 17:12:38,332 [INFO] 候选时间对比：标题=证券公司压力测试指引 （2023年修订） | 发布时间=2023-07-24 00:00:00 | 文档时间=2023-06-24 00:00:00 | 链接=https://www.sac.net.cn/flfg/zlgz/202307/t20230724_60880.html
2026-02-09 17:12:38,332 [INFO] 候选时间对比：标题=中国证券业协会发布 《 证券公司压力测试指引 （2023年修订）》 | 发布时间=2023-07-21 00:00:00 | 文档时间=2023-06-24 00:00:00 | 链接=https://www.sac.net.cn/ljxh/xhgzdt/202307/t20230721_60864.html
2026-02-09 17:12:38,332 [INFO] 候选时间对比：标题=关于发布《 证券公司压力测试指引 （2023年修订）》的通知 | 发布时间=2023-07-21 00:00:00 | 文档时间=2023-06-24 00:00:00 | 链接=https://www.sac.net.cn/tzgg/202307/t20230721_60858.html
2026-02-09 17:12:38,332 [INFO] 候选时间对比：标题=2022年第二季度专业委员会工作动态 | 发布时间=2022-08-09 00:00:00 | 文档时间=2023-06-24 00:00:00 | 链接=https://www.sac.net.cn/hyfw/zywyh/zywyhdt/202208/t20220809_41573.html
2026-02-09 17:12:38,332 [INFO] 候选时间对比：标题=2022年第二季度专业委员会工作动态 | 发布时间=2022-08-09 00:00:00 | 文档时间=2023-06-24 00:00:00 | 链接=https://www.sac.net.cn/ljxh/xhgzdt/202208/t20220809_41497.html
2026-02-09 17:12:38,332 [INFO] 候选时间对比：标题=健全自律规则体系 促进行业规范发展——中国 | 发布时间=2021-08-28 00:00:00 | 文档时间=2023-06-24 00:00:00 | 链接=https://www.sac.net.cn/zt/zgzqyxhclsszn/lchg/202108/t20210828_848.html
2026-02-09 17:12:38,332 [INFO] 候选时间对比：标题=服务行业发展，推动行业共建、共治、共享— | 发布时间=2021-08-28 00:00:00 | 文档时间=2023-06-24 00:00:00 | 链接=https://www.sac.net.cn/zt/zgzqyxhclsszn/lchg/202108/t20210828_854.html
2026-02-09 17:12:38,332 [INFO] 候选时间对比：标题=风险管理是证券公司的核心竞争力 | 发布时间=2020-12-18 00:00:00 | 文档时间=2023-06-24 00:00:00 | 链接=https://www.sac.net.cn/zt/zbsc30zn/202012/t20201218_26368.html
2026-02-09 17:12:38,332 [INFO] 候选时间对比：标题=关于举办证券公司全面风险管理自律规则培训 | 发布时间=2017-03-14 00:00:00 | 文档时间=2023-06-24 00:00:00 | 链接=https://www.sac.net.cn/pxzx/pxtz/201703/t20170314_57728.html
2026-02-09 17:12:38,332 [INFO] 候选时间对比：标题=关于举办证券公司全面风险管理自律规则培训 | 发布时间=2017-03-14 00:00:00 | 文档时间=2023-06-24 00:00:00 | 链接=https://www.sac.net.cn/tzgg/201703/t20170314_56098.html
2026-02-09 17:12:39,282 [INFO] 下载完成：f:/SDXH_Work_Proj/auto_detect_download/downloads\www.sac.net.cn\20230724\证券公司压力测试指引（2023年修订）-中国证券协会
2026-02-09 17:12:39,798 [INFO] 下载完成：f:/SDXH_Work_Proj/auto_detect_download/downloads\www.sac.net.cn\20230721\中国证券业协会发布 《证券公司压力测试指引（2023年修订）》-中国证券协会
2026-02-09 17:12:40,755 [INFO] 下载完成：f:/SDXH_Work_Proj/auto_detect_download/downloads\www.sac.net.cn\20230721\关于发布《证券公司压力测试指引（2023年修订）》的通知-中国证券协会
2026-02-09 17:12:44,445 [INFO] --------------------------------------------------------------------------------
2026-02-09 17:12:44,445 [INFO] 搜索到 4 条候选：私募投资基金监督管理条例 | 文档时间=2023-06-20 00:00:00 | 网页最新时间=2023-07-20 00:00:00
2026-02-09 17:12:44,445 [INFO] 候选时间对比：标题=国务院公报 中华人民共和国国务院令（第762号） 私 募 投 资 基 金 监 督 管 理 条 例 | 发布时间=2023-07-20 00:00:00 | 文档时间=2023-06-20 00:00:00 | 链接=https://www.gov.cn/gongbao/2023/issue_10586/202307/content_6892998.html
2026-02-09 17:12:44,445 [INFO] 候选时间对比：标题=要闻 司法部、证监会负责人就 《 私 募 投 资 基 金 监 督 管 理 条 例 》答记者问 | 发布时间=2023-07-09 00:00:00 | 文档时间=2023-06-20 00:00:00 | 链接=https://www.gov.cn/zhengce/202307/content_6890795.htm
2026-02-09 17:12:44,445 [INFO] 候选时间对比：标题=要闻 李强签署国务院令 公布《 私 募 投 资 基 金 监 督 管 理 条 例 》 | 发布时间=2023-07-09 00:00:00 | 文档时间=2023-06-20 00:00:00 | 链接=https://www.gov.cn/yaowen/liebiao/202307/content_6890769.htm
2026-02-09 17:12:44,445 [INFO] 候选时间对比：标题=国务院办公厅 私 募 投 资 基 金 监 督 管 理 条 例 | 发布时间=2023-07-09 00:00:00 | 文档时间=2023-06-20 00:00:00 | 链接=https://www.gov.cn/zhengce/content/202307/content_6890738.htm
2026-02-09 17:12:45,921 [INFO] 下载完成：f:/SDXH_Work_Proj/auto_detect_download/downloads\www.gov.cn\20230720\中华人民共和国国务院令（第762号）　　私募投资基金监督管理条例__2023年第20号国务院公报_中国政府网
2026-02-09 17:12:47,430 [INFO] 下载完成：f:/SDXH_Work_Proj/auto_detect_download/downloads\www.gov.cn\20230709\司法部、证监会负责人就 《私募投资基金监督管理条例》答记者问
2026-02-09 17:12:48,904 [INFO] 下载完成：f:/SDXH_Work_Proj/auto_detect_download/downloads\www.gov.cn\20230709\李强签署国务院令 公布《私募投资基金监督管理条例》
2026-02-09 17:12:50,347 [INFO] 下载完成：f:/SDXH_Work_Proj/auto_detect_download/downloads\www.gov.cn\20230709\私募投资基金监督管理条例_证券_中国政府网
2026-02-09 17:12:52,562 [INFO] --------------------------------------------------------------------------------
2026-02-09 17:12:52,562 [INFO] 搜索到 5 条候选：基金经营机构及其工作人员廉洁从业实施细则 | 文档时间=2025-03-11 00:00:00 | 网页最新时间=2025-04-21 00:00:00
2026-02-09 17:12:52,562 [INFO] 候选时间对比：标题=关于发布修订后的《 基金经营机构及其工作人员廉洁从业实施细则 》的公告 | 发布时间=2025-04-11 00:00:00 | 文档时间=2025-03-11 00:00:00 | 链接=https://www.amac.org.cn/xwfb/xhyw/202504/t20250411_26577.html
2026-02-09 17:12:52,562 [INFO] 候选时间对比：标题=关于举办《 基金经营机构及其工作人员廉洁从业实施细则 》解读直播培训的通知 | 发布时间=2025-04-21 00:00:00 | 文档时间=2025-03-11 00:00:00 | 链接=https://www.amac.org.cn/xwfb/tzgg/202504/t20250421_26601.html
2026-02-09 17:12:52,562 [INFO] 候选时间对比：标题=【培训时间】《基金经营机构及其工作人员廉洁 从业实施细则》解读直播培训 | 发布时间=2025-04-21 00:00:00 | 文档时间=2025-03-11 00:00:00 | 链接=https://www.amac.org.cn/fwdt/wyb/rygl/hxpx/hxpxfwzn/hdrl/202504/t20250421_26603.html
2026-02-09 17:12:52,562 [INFO] 候选时间对比：标题=【报名时间】《基金经营机构及其工作人员廉洁 从业实施细则》解读直播培训 | 发布时间=2025-04-21 00:00:00 | 文档时间=2025-03-11 00:00:00 | 链接=https://www.amac.org.cn/fwdt/wyb/rygl/hxpx/hxpxfwzn/hdrl/202504/t20250421_26602.html
2026-02-09 17:12:52,562 [INFO] 候选时间对比：标题=规范基金行业廉洁从业 推进行业合规文化建设 | 发布时间=2020-03-12 00:00:00 | 文档时间=2025-03-11 00:00:00 | 链接=https://www.amac.org.cn/xwfb/xhyw/202003/t20200312_15670.html
2026-02-09 17:12:54,299 [INFO] 下载完成：f:/SDXH_Work_Proj/auto_detect_download/downloads\www.amac.org.cn\20250411\关于发布修订后的《基金经营机构及其工作人员廉洁从业实施细则》的公告
2026-02-09 17:12:55,823 [INFO] 下载完成：f:/SDXH_Work_Proj/auto_detect_download/downloads\www.amac.org.cn\20250421\关于举办《基金经营机构及其工作人员廉洁从业实施细则》解读直播培训的通知
2026-02-09 17:12:57,234 [INFO] 下载完成：f:/SDXH_Work_Proj/auto_detect_download/downloads\www.amac.org.cn\20250421\【培训时间】《基金经营机构及其工作人员廉洁 从业实施细则》解读直播培训
2026-02-09 17:12:58,689 [INFO] 下载完成：f:/SDXH_Work_Proj/auto_detect_download/downloads\www.amac.org.cn\20250421\【报名时间】《基金经营机构及其工作人员廉洁 从业实施细则》解读直播培训
2026-02-09 17:13:00,848 [INFO] --------------------------------------------------------------------------------
2026-02-09 17:13:00,849 [INFO] 搜索到 6 条候选：私募基金登记备案动态 | 文档时间=2025-08-30 00:00:00 | 网页最新时间=2025-09-30 00:00:00
2026-02-09 17:13:00,849 [INFO] 候选时间对比：标题=关于发布《 私募基金登记备案动态 》的通知 | 发布时间=2024-08-23 00:00:00 | 文档时间=2025-08-30 00:00:00 | 链接=https://www.amac.org.cn/fwdt/wyb/jgdjhcpbeian/smjjglrdjhcpba/dbdt/202408/t20240823_25919.html
2026-02-09 17:13:00,849 [INFO] 候选时间对比：标题=关于发布《 私募基金登记备案动态 （第三期）》的通知 | 发布时间=2025-09-30 00:00:00 | 文档时间=2025-08-30 00:00:00 | 链接=https://www.amac.org.cn/xwfb/tzgg/202509/t20250930_26963.html
2026-02-09 17:13:00,850 [INFO] 候选时间对比：标题=关于发布《 私募基金登记备案动态 （第四期）》的通知 | 发布时间=2025-09-30 00:00:00 | 文档时间=2025-08-30 00:00:00 | 链接=https://www.amac.org.cn/xwfb/tzgg/202509/t20250930_26964.html
2026-02-09 17:13:00,850 [INFO] 候选时间对比：标题=关于发布《 私募基金登记备案动态 （2024年）第2期）》的通知 | 发布时间=2024-11-08 00:00:00 | 文档时间=2025-08-30 00:00:00 | 链接=https://www.amac.org.cn/xwfb/tzgg/202411/t20241108_26149.html
2026-02-09 17:13:00,850 [INFO] 候选时间对比：标题=私募基金登记备案动态 （2024年第2期） | 发布时间=2024-11-08 00:00:00 | 文档时间=2025-08-30 00:00:00 | 链接=https://www.amac.org.cn/fwdt/wyb/jgdjhcpbeian/smjjglrdjhcpba/dbdt/202411/P020241108612196601018.pdf
2026-02-09 17:13:00,850 [INFO] 候选时间对比：标题=私募基金登记备案动态 （2024年第1期） | 发布时间=2024-08-23 00:00:00 | 文档时间=2025-08-30 00:00:00 | 链接=https://www.amac.org.cn/fwdt/wyb/jgdjhcpbeian/smjjglrdjhcpba/dbdt/202408/P020240826349580372160.pdf
2026-02-09 17:13:00,850 [INFO] 已下载过，跳过：https://www.amac.org.cn/xwfb/tzgg/202509/t20250930_26963.html
2026-02-09 17:13:00,850 [INFO] 已下载过，跳过：https://www.amac.org.cn/xwfb/tzgg/202509/t20250930_26964.html
